Determining if the pthread_create exist failed with the following output:
Change Dir: /home/workspace/homeservicerobot/catkin_ws/build/CMakeFiles/CMakeTmp

Run Build Command:"/usr/bin/make" "cmTC_042a5/fast"
/usr/bin/make -f CMakeFiles/cmTC_042a5.dir/build.make CMakeFiles/cmTC_042a5.dir/build
make[1]: Entering directory '/home/workspace/homeservicerobot/catkin_ws/build/CMakeFiles/CMakeTmp'
Building C object CMakeFiles/cmTC_042a5.dir/CheckSymbolExists.c.o
/usr/bin/cc    -o CMakeFiles/cmTC_042a5.dir/CheckSymbolExists.c.o   -c /home/workspace/homeservicerobot/catkin_ws/build/CMakeFiles/CMakeTmp/CheckSymbolExists.c
Linking C executable cmTC_042a5
/usr/local/bin/cmake -E cmake_link_script CMakeFiles/cmTC_042a5.dir/link.txt --verbose=1
/usr/bin/cc      -rdynamic CMakeFiles/cmTC_042a5.dir/CheckSymbolExists.c.o  -o cmTC_042a5 
CMakeFiles/cmTC_042a5.dir/CheckSymbolExists.c.o: In function `main':
CheckSymbolExists.c:(.text+0x16): undefined reference to `pthread_create'
collect2: error: ld returned 1 exit status
CMakeFiles/cmTC_042a5.dir/build.make:86: recipe for target 'cmTC_042a5' failed
make[1]: *** [cmTC_042a5] Error 1
make[1]: Leaving directory '/home/workspace/homeservicerobot/catkin_ws/build/CMakeFiles/CMakeTmp'
Makefile:121: recipe for target 'cmTC_042a5/fast' failed
make: *** [cmTC_042a5/fast] Error 2

File /home/workspace/homeservicerobot/catkin_ws/build/CMakeFiles/CMakeTmp/CheckSymbolExists.c:
/* */
#include <pthread.h>

int main(int argc, char** argv)
{
  (void)argv;
#ifndef pthread_create
  return ((int*)(&pthread_create))[argc];
#else
  (void)argc;
  return 0;
#endif
}

Determining if the function pthread_create exists in the pthreads failed with the following output:
Change Dir: /home/workspace/homeservicerobot/catkin_ws/build/CMakeFiles/CMakeTmp

Run Build Command:"/usr/bin/make" "cmTC_82253/fast"
/usr/bin/make -f CMakeFiles/cmTC_82253.dir/build.make CMakeFiles/cmTC_82253.dir/build
make[1]: Entering directory '/home/workspace/homeservicerobot/catkin_ws/build/CMakeFiles/CMakeTmp'
Building C object CMakeFiles/cmTC_82253.dir/CheckFunctionExists.c.o
/usr/bin/cc   -DCHECK_FUNCTION_EXISTS=pthread_create   -o CMakeFiles/cmTC_82253.dir/CheckFunctionExists.c.o   -c /usr/local/share/cmake-3.13/Modules/CheckFunctionExists.c
Linking C executable cmTC_82253
/usr/local/bin/cmake -E cmake_link_script CMakeFiles/cmTC_82253.dir/link.txt --verbose=1
/usr/bin/cc  -DCHECK_FUNCTION_EXISTS=pthread_create    -rdynamic CMakeFiles/cmTC_82253.dir/CheckFunctionExists.c.o  -o cmTC_82253 -lpthreads 
/usr/bin/ld: cannot find -lpthreads
collect2: error: ld returned 1 exit status
CMakeFiles/cmTC_82253.dir/build.make:86: recipe for target 'cmTC_82253' failed
make[1]: *** [cmTC_82253] Error 1
make[1]: Leaving directory '/home/workspace/homeservicerobot/catkin_ws/build/CMakeFiles/CMakeTmp'
Makefile:121: recipe for target 'cmTC_82253/fast' failed
make: *** [cmTC_82253/fast] Error 2


